Connecting to database specified by database.yml
  [1m[36m (6.1ms)[0m  [1mCREATE TABLE "schema_migrations" ("version" character varying(255) NOT NULL) [0m
  [1m[35m (3.6ms)[0m  CREATE UNIQUE INDEX "unique_schema_migrations" ON "schema_migrations" ("version")
  [1m[36m (0.9ms)[0m  [1mSELECT "schema_migrations"."version" FROM "schema_migrations" [0m
Connecting to database specified by database.yml
  [1m[36m (0.4ms)[0m  [1mSELECT "schema_migrations"."version" FROM "schema_migrations" [0m
Migrating to CreateSessions (20100928030598)
  [1m[35m (0.1ms)[0m  BEGIN
  [1m[36m (6.2ms)[0m  [1mCREATE TABLE "sessions" ("id" serial primary key, "session_id" character varying(255) NOT NULL, "data" text, "created_at" timestamp NOT NULL, "updated_at" timestamp NOT NULL) [0m
  [1m[35m (2.8ms)[0m  CREATE INDEX "index_sessions_on_session_id" ON "sessions" ("session_id")
  [1m[36m (1.8ms)[0m  [1mCREATE INDEX "index_sessions_on_updated_at" ON "sessions" ("updated_at")[0m
  [1m[35m (0.7ms)[0m  INSERT INTO "schema_migrations" ("version") VALUES ('20100928030598')
  [1m[36m (0.8ms)[0m  [1mCOMMIT[0m
Migrating to CreateUsers (20100928030599)
  [1m[35m (0.2ms)[0m  BEGIN
  [1m[36m (8.4ms)[0m  [1mCREATE TABLE "users" ("id" serial primary key, "uuid" character varying(36), "username" character varying(32) DEFAULT '' NOT NULL, "email" character varying(64) DEFAULT '' NOT NULL, "first_name" character varying(32), "last_name" character varying(32), "title" character varying(64), "company" character varying(64), "alt_email" character varying(64), "phone" character varying(32), "mobile" character varying(32), "aim" character varying(32), "yahoo" character varying(32), "google" character varying(32), "skype" character varying(32), "password_hash" character varying(255) DEFAULT '' NOT NULL, "password_salt" character varying(255) DEFAULT '' NOT NULL, "remember_token" character varying(255) DEFAULT '' NOT NULL, "perishable_token" character varying(255) DEFAULT '' NOT NULL, "openid_identifier" character varying(255), "last_request_at" timestamp, "last_login_at" timestamp, "current_login_at" timestamp, "last_login_ip" character varying(255), "current_login_ip" character varying(255), "login_count" integer DEFAULT 0 NOT NULL, "deleted_at" timestamp, "created_at" timestamp NOT NULL, "updated_at" timestamp NOT NULL) [0m
  [1m[35m (1.9ms)[0m  CREATE UNIQUE INDEX "index_users_on_username_and_deleted_at" ON "users" ("username", "deleted_at")
  [1m[36m (2.9ms)[0m  [1mCREATE INDEX "index_users_on_email" ON "users" ("email")[0m
  [1m[35m (2.3ms)[0m  CREATE INDEX "index_users_on_last_request_at" ON "users" ("last_request_at")
  [1m[36m (1.5ms)[0m  [1mCREATE INDEX "index_users_on_remember_token" ON "users" ("remember_token")[0m
  [1m[35m (3.8ms)[0m  CREATE INDEX "index_users_on_perishable_token" ON "users" ("perishable_token")
  [1m[36m (0.4ms)[0m  [1mINSERT INTO "schema_migrations" ("version") VALUES ('20100928030599')[0m
  [1m[35m (0.9ms)[0m  COMMIT
Migrating to CreateOpenidTables (20100928030600)
  [1m[36m (0.3ms)[0m  [1mBEGIN[0m
  [1m[35m (4.7ms)[0m  CREATE TABLE "open_id_authentication_associations" ("id" serial primary key, "issued" integer, "lifetime" integer, "handle" character varying(255), "assoc_type" character varying(255), "server_url" bytea, "secret" bytea) 
  [1m[36m (7.1ms)[0m  [1mCREATE TABLE "open_id_authentication_nonces" ("id" serial primary key, "timestamp" integer NOT NULL, "server_url" character varying(255), "salt" character varying(255) NOT NULL) [0m
  [1m[35m (0.2ms)[0m  INSERT INTO "schema_migrations" ("version") VALUES ('20100928030600')
  [1m[36m (0.7ms)[0m  [1mCOMMIT[0m
Migrating to CreateAccounts (20100928030601)
  [1m[35m (0.2ms)[0m  BEGIN
  [1m[36m (11.3ms)[0m  [1mCREATE TABLE "accounts" ("id" serial primary key, "uuid" character varying(36), "user_id" integer, "assigned_to" integer, "name" character varying(64) DEFAULT '' NOT NULL, "access" character varying(8) DEFAULT 'Public', "website" character varying(64), "tall_free_phone" character varying(32), "phone" character varying(32), "fax" character varying(32), "billing_address" character varying(255), "shipping_address" character varying(255), "deleted_at" timestamp, "created_at" timestamp NOT NULL, "updated_at" timestamp NOT NULL) [0m
  [1m[35m (2.0ms)[0m  CREATE UNIQUE INDEX "index_accounts_on_user_id_and_name_and_deleted_at" ON "accounts" ("user_id", "name", "deleted_at")
  [1m[36m (1.6ms)[0m  [1mCREATE INDEX "index_accounts_on_assigned_to" ON "accounts" ("assigned_to")[0m
  [1m[35m (0.2ms)[0m  INSERT INTO "schema_migrations" ("version") VALUES ('20100928030601')
  [1m[36m (0.8ms)[0m  [1mCOMMIT[0m
Migrating to CreatePermissions (20100928030602)
  [1m[35m (0.2ms)[0m  BEGIN
  [1m[36m (3.5ms)[0m  [1mCREATE TABLE "permissions" ("id" serial primary key, "user_id" integer, "asset_id" integer, "asset_type" character varying(255), "created_at" timestamp NOT NULL, "updated_at" timestamp NOT NULL) [0m
  [1m[35m (2.1ms)[0m  CREATE INDEX "index_permissions_on_user_id" ON "permissions" ("user_id")
  [1m[36m (0.5ms)[0m  [1mINSERT INTO "schema_migrations" ("version") VALUES ('20100928030602')[0m
  [1m[35m (0.8ms)[0m  COMMIT
Migrating to CreateSettings (20100928030603)
  [1m[36m (0.2ms)[0m  [1mBEGIN[0m
  [1m[35m (4.9ms)[0m  CREATE TABLE "settings" ("id" serial primary key, "name" character varying(32) DEFAULT '' NOT NULL, "value" text, "default_value" text, "created_at" timestamp NOT NULL, "updated_at" timestamp NOT NULL) 
  [1m[36m (1.3ms)[0m  [1mCREATE INDEX "index_settings_on_name" ON "settings" ("name")[0m
  [1m[35m (0.5ms)[0m  INSERT INTO "schema_migrations" ("version") VALUES ('20100928030603')
  [1m[36m (0.6ms)[0m  [1mCOMMIT[0m
Migrating to CreatePreferences (20100928030604)
  [1m[35m (0.2ms)[0m  BEGIN
  [1m[36m (7.3ms)[0m  [1mCREATE TABLE "preferences" ("id" serial primary key, "user_id" integer, "name" character varying(32) DEFAULT '' NOT NULL, "value" text, "created_at" timestamp NOT NULL, "updated_at" timestamp NOT NULL) [0m
  [1m[35m (1.6ms)[0m  CREATE INDEX "index_preferences_on_user_id_and_name" ON "preferences" ("user_id", "name")
  [1m[36m (0.3ms)[0m  [1mINSERT INTO "schema_migrations" ("version") VALUES ('20100928030604')[0m
  [1m[35m (1.3ms)[0m  COMMIT
Migrating to CreateCampaigns (20100928030605)
  [1m[36m (0.2ms)[0m  [1mBEGIN[0m
  [1m[35m (5.7ms)[0m  CREATE TABLE "campaigns" ("id" serial primary key, "uuid" character varying(36), "user_id" integer, "assigned_to" integer, "name" character varying(64) DEFAULT '' NOT NULL, "access" character varying(8) DEFAULT 'Public', "status" character varying(64), "budget" decimal(12,2), "target_leads" integer, "target_conversion" float, "target_revenue" decimal(12,2), "leads_count" integer, "opportunities_count" integer, "revenue" decimal(12,2), "starts_on" date, "ends_on" date, "objectives" text, "deleted_at" timestamp, "created_at" timestamp NOT NULL, "updated_at" timestamp NOT NULL) 
  [1m[36m (1.4ms)[0m  [1mCREATE UNIQUE INDEX "index_campaigns_on_user_id_and_name_and_deleted_at" ON "campaigns" ("user_id", "name", "deleted_at")[0m
  [1m[35m (1.4ms)[0m  CREATE INDEX "index_campaigns_on_assigned_to" ON "campaigns" ("assigned_to")
  [1m[36m (0.2ms)[0m  [1mINSERT INTO "schema_migrations" ("version") VALUES ('20100928030605')[0m
  [1m[35m (0.6ms)[0m  COMMIT
Migrating to CreateLeads (20100928030606)
  [1m[36m (0.2ms)[0m  [1mBEGIN[0m
  [1m[35m (5.4ms)[0m  CREATE TABLE "leads" ("id" serial primary key, "uuid" character varying(36), "user_id" integer, "campaign_id" integer, "assigned_to" integer, "first_name" character varying(64) DEFAULT '' NOT NULL, "last_name" character varying(64) DEFAULT '' NOT NULL, "access" character varying(8) DEFAULT 'Public', "title" character varying(64), "company" character varying(64), "source" character varying(32), "status" character varying(32), "referred_by" character varying(64), "email" character varying(64), "alt_email" character varying(64), "phone" character varying(32), "mobile" character varying(32), "blog" character varying(128), "linkedin" character varying(128), "facebook" character varying(128), "twitter" character varying(128), "address" character varying(255), "rating" integer DEFAULT 0 NOT NULL, "do_not_call" boolean DEFAULT 'f' NOT NULL, "deleted_at" timestamp, "created_at" timestamp NOT NULL, "updated_at" timestamp NOT NULL) 
  [1m[36m (2.3ms)[0m  [1mCREATE UNIQUE INDEX "index_leads_on_user_id_and_last_name_and_deleted_at" ON "leads" ("user_id", "last_name", "deleted_at")[0m
  [1m[35m (2.0ms)[0m  CREATE INDEX "index_leads_on_assigned_to" ON "leads" ("assigned_to")
  [1m[36m (0.2ms)[0m  [1mINSERT INTO "schema_migrations" ("version") VALUES ('20100928030606')[0m
  [1m[35m (0.7ms)[0m  COMMIT
Migrating to CreateContacts (20100928030607)
  [1m[36m (0.2ms)[0m  [1mBEGIN[0m
  [1m[35m (5.4ms)[0m  CREATE TABLE "contacts" ("id" serial primary key, "uuid" character varying(36), "user_id" integer, "lead_id" integer, "assigned_to" integer, "reports_to" integer, "first_name" character varying(64) DEFAULT '' NOT NULL, "last_name" character varying(64) DEFAULT '' NOT NULL, "access" character varying(8) DEFAULT 'Public', "title" character varying(64), "department" character varying(64), "source" character varying(32), "email" character varying(64), "alt_email" character varying(64), "phone" character varying(32), "mobile" character varying(32), "fax" character varying(32), "blog" character varying(128), "linkedin" character varying(128), "facebook" character varying(128), "twitter" character varying(128), "address" character varying(255), "born_on" date, "do_not_call" boolean DEFAULT 'f' NOT NULL, "deleted_at" timestamp, "created_at" timestamp NOT NULL, "updated_at" timestamp NOT NULL) 
  [1m[36m (1.5ms)[0m  [1mCREATE UNIQUE INDEX "id_last_name_deleted" ON "contacts" ("user_id", "last_name", "deleted_at")[0m
  [1m[35m (1.3ms)[0m  CREATE INDEX "index_contacts_on_assigned_to" ON "contacts" ("assigned_to")
  [1m[36m (0.2ms)[0m  [1mINSERT INTO "schema_migrations" ("version") VALUES ('20100928030607')[0m
  [1m[35m (0.9ms)[0m  COMMIT
Migrating to CreateOpportunities (20100928030608)
  [1m[36m (0.2ms)[0m  [1mBEGIN[0m
  [1m[35m (5.0ms)[0m  CREATE TABLE "opportunities" ("id" serial primary key, "uuid" character varying(36), "user_id" integer, "campaign_id" integer, "assigned_to" integer, "name" character varying(64) DEFAULT '' NOT NULL, "access" character varying(8) DEFAULT 'Public', "source" character varying(32), "stage" character varying(32), "probability" integer, "amount" decimal(12,2), "discount" decimal(12,2), "closes_on" date, "deleted_at" timestamp, "created_at" timestamp NOT NULL, "updated_at" timestamp NOT NULL) 
  [1m[36m (1.5ms)[0m  [1mCREATE UNIQUE INDEX "id_name_deleted" ON "opportunities" ("user_id", "name", "deleted_at")[0m
  [1m[35m (2.0ms)[0m  CREATE INDEX "index_opportunities_on_assigned_to" ON "opportunities" ("assigned_to")
  [1m[36m (0.2ms)[0m  [1mINSERT INTO "schema_migrations" ("version") VALUES ('20100928030608')[0m
  [1m[35m (0.9ms)[0m  COMMIT
Migrating to CreateAccountContacts (20100928030609)
  [1m[36m (0.2ms)[0m  [1mBEGIN[0m
  [1m[35m (3.1ms)[0m  CREATE TABLE "account_contacts" ("id" serial primary key, "account_id" integer, "contact_id" integer, "deleted_at" timestamp, "created_at" timestamp NOT NULL, "updated_at" timestamp NOT NULL) 
  [1m[36m (0.2ms)[0m  [1mINSERT INTO "schema_migrations" ("version") VALUES ('20100928030609')[0m
  [1m[35m (0.9ms)[0m  COMMIT
Migrating to CreateAccountOpportunities (20100928030610)
  [1m[36m (0.2ms)[0m  [1mBEGIN[0m
  [1m[35m (4.5ms)[0m  CREATE TABLE "account_opportunities" ("id" serial primary key, "account_id" integer, "opportunity_id" integer, "deleted_at" timestamp, "created_at" timestamp NOT NULL, "updated_at" timestamp NOT NULL) 
  [1m[36m (0.3ms)[0m  [1mINSERT INTO "schema_migrations" ("version") VALUES ('20100928030610')[0m
  [1m[35m (0.9ms)[0m  COMMIT
Migrating to CreateContactOpportunities (20100928030611)
  [1m[36m (0.2ms)[0m  [1mBEGIN[0m
  [1m[35m (2.8ms)[0m  CREATE TABLE "contact_opportunities" ("id" serial primary key, "contact_id" integer, "opportunity_id" integer, "role" character varying(32), "deleted_at" timestamp, "created_at" timestamp NOT NULL, "updated_at" timestamp NOT NULL) 
  [1m[36m (0.2ms)[0m  [1mINSERT INTO "schema_migrations" ("version") VALUES ('20100928030611')[0m
  [1m[35m (0.7ms)[0m  COMMIT
Migrating to CreateTasks (20100928030612)
  [1m[36m (0.2ms)[0m  [1mBEGIN[0m
  [1m[35m (5.2ms)[0m  CREATE TABLE "tasks" ("id" serial primary key, "uuid" character varying(36), "user_id" integer, "assigned_to" integer, "completed_by" integer, "name" character varying(255) DEFAULT '' NOT NULL, "asset_id" integer, "asset_type" character varying(255), "priority" character varying(32), "category" character varying(32), "bucket" character varying(32), "due_at" timestamp, "completed_at" timestamp, "deleted_at" timestamp, "created_at" timestamp NOT NULL, "updated_at" timestamp NOT NULL) 
  [1m[36m (1.8ms)[0m  [1mCREATE UNIQUE INDEX "index_tasks_on_user_id_and_name_and_deleted_at" ON "tasks" ("user_id", "name", "deleted_at")[0m
  [1m[35m (2.0ms)[0m  CREATE INDEX "index_tasks_on_assigned_to" ON "tasks" ("assigned_to")
  [1m[36m (0.3ms)[0m  [1mINSERT INTO "schema_migrations" ("version") VALUES ('20100928030612')[0m
  [1m[35m (1.2ms)[0m  COMMIT
Migrating to CreateComments (20100928030613)
  [1m[36m (0.3ms)[0m  [1mBEGIN[0m
  [1m[35m (5.1ms)[0m  CREATE TABLE "comments" ("id" serial primary key, "user_id" integer, "commentable_id" integer, "commentable_type" character varying(255), "private" boolean, "title" character varying(255) DEFAULT '', "comment" text, "created_at" timestamp NOT NULL, "updated_at" timestamp NOT NULL) 
  [1m[36m (0.2ms)[0m  [1mINSERT INTO "schema_migrations" ("version") VALUES ('20100928030613')[0m
  [1m[35m (0.9ms)[0m  COMMIT
Migrating to CreateActivities (20100928030614)
  [1m[36m (0.2ms)[0m  [1mBEGIN[0m
  [1m[35m (5.9ms)[0m  CREATE TABLE "activities" ("id" serial primary key, "user_id" integer, "subject_id" integer, "subject_type" character varying(255), "action" character varying(32) DEFAULT 'created', "info" character varying(255) DEFAULT '', "private" boolean DEFAULT 'f', "created_at" timestamp NOT NULL, "updated_at" timestamp NOT NULL) 
  [1m[36m (1.6ms)[0m  [1mCREATE INDEX "index_activities_on_user_id" ON "activities" ("user_id")[0m
  [1m[35m (2.3ms)[0m  CREATE INDEX "index_activities_on_created_at" ON "activities" ("created_at")
  [1m[36m (0.4ms)[0m  [1mINSERT INTO "schema_migrations" ("version") VALUES ('20100928030614')[0m
  [1m[35m (1.3ms)[0m  COMMIT
Migrating to CreateAvatars (20100928030615)
  [1m[36m (0.3ms)[0m  [1mBEGIN[0m
  [1m[35m (5.4ms)[0m  CREATE TABLE "avatars" ("id" serial primary key, "user_id" integer, "entity_id" integer, "entity_type" character varying(255), "image_file_size" integer, "image_file_name" character varying(255), "image_content_type" character varying(255), "created_at" timestamp NOT NULL, "updated_at" timestamp NOT NULL) 
  [1m[36m (0.2ms)[0m  [1mINSERT INTO "schema_migrations" ("version") VALUES ('20100928030615')[0m
  [1m[35m (0.9ms)[0m  COMMIT
Migrating to RenameRememberToken (20100928030616)
  [1m[36m (0.2ms)[0m  [1mBEGIN[0m
  [1m[35m (0.4ms)[0m  ALTER TABLE "users" RENAME COLUMN "remember_token" TO "persistence_token"
  [1m[36m (0.7ms)[0m  [1mALTER TABLE "users" DROP "openid_identifier"[0m
  [1m[35m (0.2ms)[0m  INSERT INTO "schema_migrations" ("version") VALUES ('20100928030616')
  [1m[36m (0.5ms)[0m  [1mCOMMIT[0m
Migrating to DropOpenidTables (20100928030617)
  [1m[35m (0.1ms)[0m  BEGIN
  [1m[36m (1.3ms)[0m  [1mDROP TABLE "open_id_authentication_associations"[0m
  [1m[35m (1.2ms)[0m  DROP TABLE "open_id_authentication_nonces"
  [1m[36m (0.3ms)[0m  [1mINSERT INTO "schema_migrations" ("version") VALUES ('20100928030617')[0m
  [1m[35m (2.4ms)[0m  COMMIT
Migrating to AddAdminToUsers (20100928030618)
  [1m[36m (0.2ms)[0m  [1mBEGIN[0m
  [1m[35m (17.8ms)[0m  ALTER TABLE "users" ADD COLUMN "admin" boolean DEFAULT 'f' NOT NULL
Creating scope :except. Overwriting existing method User.except.
  [1m[36mUser Load (0.9ms)[0m  [1mSELECT "users".* FROM "users" LIMIT 1[0m
  [1m[35m (0.2ms)[0m  INSERT INTO "schema_migrations" ("version") VALUES ('20100928030618')
  [1m[36m (2.3ms)[0m  [1mCOMMIT[0m
Migrating to AddSuspendedToUsers (20100928030619)
  [1m[35m (0.2ms)[0m  BEGIN
  [1m[36m (0.5ms)[0m  [1mALTER TABLE "users" ADD COLUMN "suspended_at" timestamp[0m
  [1m[35m (0.2ms)[0m  ALTER TABLE "accounts" RENAME COLUMN "tall_free_phone" TO "toll_free_phone"
  [1m[36m (0.2ms)[0m  [1mINSERT INTO "schema_migrations" ("version") VALUES ('20100928030619')[0m
  [1m[35m (0.6ms)[0m  COMMIT
Migrating to RemoveUuid (20100928030620)
  [1m[36m (0.1ms)[0m  [1mBEGIN[0m
  [1m[35m (0.5ms)[0m  ALTER TABLE "users" DROP "uuid"
  [1m[36m (0.3ms)[0m  [1mALTER TABLE "accounts" DROP "uuid"[0m
  [1m[35m (0.4ms)[0m  ALTER TABLE "campaigns" DROP "uuid"
  [1m[36m (0.3ms)[0m  [1mALTER TABLE "leads" DROP "uuid"[0m
  [1m[35m (0.5ms)[0m  ALTER TABLE "contacts" DROP "uuid"
  [1m[36m (0.5ms)[0m  [1mALTER TABLE "opportunities" DROP "uuid"[0m
  [1m[35m (0.6ms)[0m  ALTER TABLE "tasks" DROP "uuid"
  [1m[36m (0.5ms)[0m  [1mINSERT INTO "schema_migrations" ("version") VALUES ('20100928030620')[0m
  [1m[35m (0.9ms)[0m  COMMIT
Migrating to AddEmailToAccounts (20100928030621)
  [1m[36m (0.2ms)[0m  [1mBEGIN[0m
  [1m[35m (0.4ms)[0m  ALTER TABLE "accounts" ADD COLUMN "email" character varying(64)
  [1m[36m (0.2ms)[0m  [1mINSERT INTO "schema_migrations" ("version") VALUES ('20100928030621')[0m
  [1m[35m (0.6ms)[0m  COMMIT
Migrating to AddBackgroundInfoToModels (20100928030622)
  [1m[36m (0.1ms)[0m  [1mBEGIN[0m
  [1m[35m (0.4ms)[0m  ALTER TABLE "accounts" ADD COLUMN "background_info" character varying(255)
  [1m[36m (0.3ms)[0m  [1mALTER TABLE "campaigns" ADD COLUMN "background_info" character varying(255)[0m
  [1m[35m (0.3ms)[0m  ALTER TABLE "contacts" ADD COLUMN "background_info" character varying(255)
  [1m[36m (0.5ms)[0m  [1mALTER TABLE "leads" ADD COLUMN "background_info" character varying(255)[0m
  [1m[35m (0.4ms)[0m  ALTER TABLE "opportunities" ADD COLUMN "background_info" character varying(255)
  [1m[36m (0.4ms)[0m  [1mALTER TABLE "tasks" ADD COLUMN "background_info" character varying(255)[0m
  [1m[35m (0.2ms)[0m  INSERT INTO "schema_migrations" ("version") VALUES ('20100928030622')
  [1m[36m (0.7ms)[0m  [1mCOMMIT[0m
Migrating to CreateAddresses (20100928030623)
  [1m[35m (0.2ms)[0m  BEGIN
  [1m[36m (5.2ms)[0m  [1mCREATE TABLE "addresses" ("id" serial primary key, "street1" character varying(255), "street2" character varying(255), "city" character varying(64), "state" character varying(64), "zipcode" character varying(16), "country" character varying(64), "full_address" character varying(255), "address_type" character varying(16), "addressable_id" integer, "addressable_type" character varying(255), "created_at" timestamp NOT NULL, "updated_at" timestamp NOT NULL, "deleted_at" timestamp) [0m
  [1m[35m (1.9ms)[0m  CREATE INDEX "index_addresses_on_addressable_id_and_addressable_type" ON "addresses" ("addressable_id", "addressable_type")
  [1m[36mContact Load (0.9ms)[0m  [1mSELECT "contacts".* FROM "contacts" [0m
  [1m[35mAccount Load (0.6ms)[0m  SELECT "accounts".* FROM "accounts" 
  [1m[36mLead Load (1.3ms)[0m  [1mSELECT "leads".* FROM "leads" [0m
  [1m[35m (0.4ms)[0m  ALTER TABLE "contacts" DROP "address"
  [1m[36m (0.4ms)[0m  [1mALTER TABLE "accounts" DROP "billing_address"[0m
  [1m[35m (0.2ms)[0m  ALTER TABLE "accounts" DROP "shipping_address"
  [1m[36m (0.4ms)[0m  [1mALTER TABLE "leads" DROP "address"[0m
  [1m[35m (0.3ms)[0m  INSERT INTO "schema_migrations" ("version") VALUES ('20100928030623')
  [1m[36m (0.7ms)[0m  [1mCOMMIT[0m
Migrating to AddIndexOnPermissions (20100928030624)
  [1m[35m (0.2ms)[0m  BEGIN
  [1m[36m (1.8ms)[0m  [1mCREATE INDEX "index_permissions_on_asset_id_and_asset_type" ON "permissions" ("asset_id", "asset_type")[0m
  [1m[35m (0.3ms)[0m  INSERT INTO "schema_migrations" ("version") VALUES ('20100928030624')
  [1m[36m (0.7ms)[0m  [1mCOMMIT[0m
Migrating to CreateEmails (20100928030625)
  [1m[35m (0.2ms)[0m  BEGIN
  [1m[36m (4.6ms)[0m  [1mCREATE TABLE "emails" ("id" serial primary key, "imap_message_id" character varying(255) NOT NULL, "user_id" integer, "mediator_id" integer, "mediator_type" character varying(255), "sent_from" character varying(255) NOT NULL, "sent_to" character varying(255) NOT NULL, "cc" character varying(255), "bcc" character varying(255), "subject" character varying(255), "body" text, "header" text, "sent_at" timestamp, "received_at" timestamp, "deleted_at" timestamp, "created_at" timestamp NOT NULL, "updated_at" timestamp NOT NULL) [0m
  [1m[35m (1.6ms)[0m  CREATE INDEX "index_emails_on_mediator_id_and_mediator_type" ON "emails" ("mediator_id", "mediator_type")
  [1m[36m (0.3ms)[0m  [1mINSERT INTO "schema_migrations" ("version") VALUES ('20100928030625')[0m
  [1m[35m (0.9ms)[0m  COMMIT
Migrating to AddStateToTimelineObjects (20100928030626)
  [1m[36m (0.4ms)[0m  [1mBEGIN[0m
  [1m[35m (5.9ms)[0m  ALTER TABLE "comments" ADD COLUMN "state" character varying(16) DEFAULT 'Expanded' NOT NULL
  [1m[36m (6.2ms)[0m  [1mALTER TABLE "emails" ADD COLUMN "state" character varying(16) DEFAULT 'Expanded' NOT NULL[0m
  [1m[35m (0.4ms)[0m  UPDATE comments SET state='Expanded'
  [1m[36m (0.4ms)[0m  [1mUPDATE emails SET state='Expanded'[0m
  [1m[35m (0.3ms)[0m  INSERT INTO "schema_migrations" ("version") VALUES ('20100928030626')
  [1m[36m (3.1ms)[0m  [1mCOMMIT[0m
Migrating to ActsAsTaggableOnMigration (20100928030627)
  [1m[35m (0.3ms)[0m  BEGIN
  [1m[36m (3.3ms)[0m  [1mCREATE TABLE "tags" ("id" serial primary key, "name" character varying(255)) [0m
  [1m[35m (4.4ms)[0m  CREATE TABLE "taggings" ("id" serial primary key, "tag_id" integer, "taggable_id" integer, "tagger_id" integer, "tagger_type" character varying(255), "taggable_type" character varying(50), "context" character varying(50), "created_at" timestamp) 
  [1m[36m (2.4ms)[0m  [1mCREATE INDEX "index_taggings_on_tag_id" ON "taggings" ("tag_id")[0m
  [1m[35m (1.9ms)[0m  CREATE INDEX "index_taggings_on_taggable_id_and_taggable_type_and_context" ON "taggings" ("taggable_id", "taggable_type", "context")
  [1m[36m (0.2ms)[0m  [1mINSERT INTO "schema_migrations" ("version") VALUES ('20100928030627')[0m
  [1m[35m (1.2ms)[0m  COMMIT
Migrating to AddSingleAccessTokenToUsers (20101221123456)
  [1m[36m (0.2ms)[0m  [1mBEGIN[0m
  [1m[35m (0.4ms)[0m  ALTER TABLE "users" ADD COLUMN "single_access_token" character varying(255)
  [1m[36m (0.3ms)[0m  [1mINSERT INTO "schema_migrations" ("version") VALUES ('20101221123456')[0m
  [1m[35m (0.5ms)[0m  COMMIT
Migrating to AddRatingAndCategoryToAccounts (20101221345678)
  [1m[36m (0.1ms)[0m  [1mBEGIN[0m
  [1m[35m (7.2ms)[0m  ALTER TABLE "accounts" ADD COLUMN "rating" integer DEFAULT 0 NOT NULL
  [1m[36m (0.4ms)[0m  [1mALTER TABLE "accounts" ADD COLUMN "category" character varying(32)[0m
  [1m[35m (0.4ms)[0m  INSERT INTO "schema_migrations" ("version") VALUES ('20101221345678')
  [1m[36m (2.9ms)[0m  [1mCOMMIT[0m
Migrating to AddSkypeToContactsAndLeads (20110719082054)
  [1m[35m (0.3ms)[0m  BEGIN
  [1m[36m (1.1ms)[0m  [1mALTER TABLE "contacts" ADD COLUMN "skype" character varying(128)[0m
  [1m[35m (0.4ms)[0m  ALTER TABLE "leads" ADD COLUMN "skype" character varying(128)
  [1m[36m (0.4ms)[0m  [1mINSERT INTO "schema_migrations" ("version") VALUES ('20110719082054')[0m
  [1m[35m (0.7ms)[0m  COMMIT
Migrating to CreateFields (20111101083437)
  [1m[36m (0.2ms)[0m  [1mBEGIN[0m
  [1m[35m (5.0ms)[0m  CREATE TABLE "fields" ("id" serial primary key, "type" character varying(255), "field_group_id" integer, "klass_name" character varying(32), "position" integer, "name" character varying(64), "label" character varying(128), "hint" character varying(255), "placeholder" character varying(255), "as" character varying(32), "collection" character varying(255), "disabled" boolean, "required" boolean, "maxlength" integer, "created_at" timestamp NOT NULL, "updated_at" timestamp NOT NULL) 
  [1m[36m (1.7ms)[0m  [1mCREATE INDEX "index_fields_on_name" ON "fields" ("name")[0m
  [1m[35m (1.7ms)[0m  CREATE INDEX "index_fields_on_klass_name" ON "fields" ("klass_name")
  [1m[36m (4.2ms)[0m  [1mCREATE INDEX "index_fields_on_field_group_id" ON "fields" ("field_group_id")[0m
  [1m[35m (0.3ms)[0m  INSERT INTO "schema_migrations" ("version") VALUES ('20111101083437')
  [1m[36m (0.6ms)[0m  [1mCOMMIT[0m
Migrating to CreateFieldGroups (20111101090312)
  [1m[35m (0.3ms)[0m  BEGIN
  [1m[36m (3.4ms)[0m  [1mCREATE TABLE "field_groups" ("id" serial primary key, "name" character varying(64), "label" character varying(128), "position" integer, "hint" character varying(255), "created_at" timestamp NOT NULL, "updated_at" timestamp NOT NULL) [0m
  [1m[35m (0.2ms)[0m  INSERT INTO "schema_migrations" ("version") VALUES ('20111101090312')
  [1m[36m (0.8ms)[0m  [1mCOMMIT[0m
Migrating to AddFieldGroupsTagId (20111116091952)
  [1m[35m (0.2ms)[0m  BEGIN
  [1m[36m (0.5ms)[0m  [1mALTER TABLE "field_groups" ADD COLUMN "tag_id" integer[0m
  [1m[35m (0.2ms)[0m  INSERT INTO "schema_migrations" ("version") VALUES ('20111116091952')
  [1m[36m (0.5ms)[0m  [1mCOMMIT[0m
Migrating to ChangeFieldsCollectionToText (20111117041311)
  [1m[35m (0.2ms)[0m  BEGIN
  [1m[36m (0.5ms)[0m  [1mALTER TABLE "fields" ALTER COLUMN "collection" TYPE text[0m
  [1m[35m (0.2ms)[0m  INSERT INTO "schema_migrations" ("version") VALUES ('20111117041311')
  [1m[36m (0.5ms)[0m  [1mCOMMIT[0m
Migrating to AddFieldGroupsKlassName (20111201030535)
  [1m[35m (0.1ms)[0m  BEGIN
  [1m[36m (0.4ms)[0m  [1mALTER TABLE "field_groups" ADD COLUMN "klass_name" character varying(32)[0m
  [1m[35mSQL (2.0ms)[0m  INSERT INTO "field_groups" ("created_at", "hint", "klass_name", "label", "name", "position", "tag_id", "updated_at") VALUES ($1, $2, $3, $4, $5, $6, $7, $8) RETURNING "id"  [["created_at", Mon, 09 Mar 2015 16:15:13 UTC +00:00], ["hint", nil], ["klass_name", "Account"], ["label", "Custom Fields"], ["name", "custom_fields"], ["position", nil], ["tag_id", nil], ["updated_at", Mon, 09 Mar 2015 16:15:13 UTC +00:00]]
  [1m[36mSQL (1.0ms)[0m  [1mUPDATE "fields" SET "field_group_id" = 1 WHERE "fields"."field_group_id" IS NULL AND "fields"."klass_name" = 'Account'[0m
  [1m[35mFieldGroup Load (0.7ms)[0m  SELECT "field_groups".* FROM "field_groups" WHERE "field_groups"."klass_name" = 'Campaign' ORDER BY position
  [1m[36mSQL (0.7ms)[0m  [1mINSERT INTO "field_groups" ("created_at", "hint", "klass_name", "label", "name", "position", "tag_id", "updated_at") VALUES ($1, $2, $3, $4, $5, $6, $7, $8) RETURNING "id"[0m  [["created_at", Mon, 09 Mar 2015 16:15:13 UTC +00:00], ["hint", nil], ["klass_name", "Campaign"], ["label", "Custom Fields"], ["name", "custom_fields"], ["position", nil], ["tag_id", nil], ["updated_at", Mon, 09 Mar 2015 16:15:13 UTC +00:00]]
  [1m[35mSQL (0.4ms)[0m  UPDATE "fields" SET "field_group_id" = 2 WHERE "fields"."field_group_id" IS NULL AND "fields"."klass_name" = 'Campaign'
  [1m[36mSQL (0.6ms)[0m  [1mINSERT INTO "field_groups" ("created_at", "hint", "klass_name", "label", "name", "position", "tag_id", "updated_at") VALUES ($1, $2, $3, $4, $5, $6, $7, $8) RETURNING "id"[0m  [["created_at", Mon, 09 Mar 2015 16:15:13 UTC +00:00], ["hint", nil], ["klass_name", "Contact"], ["label", "Custom Fields"], ["name", "custom_fields"], ["position", nil], ["tag_id", nil], ["updated_at", Mon, 09 Mar 2015 16:15:13 UTC +00:00]]
  [1m[35mSQL (0.5ms)[0m  UPDATE "fields" SET "field_group_id" = 3 WHERE "fields"."field_group_id" IS NULL AND "fields"."klass_name" = 'Contact'
  [1m[36mSQL (0.4ms)[0m  [1mINSERT INTO "field_groups" ("created_at", "hint", "klass_name", "label", "name", "position", "tag_id", "updated_at") VALUES ($1, $2, $3, $4, $5, $6, $7, $8) RETURNING "id"[0m  [["created_at", Mon, 09 Mar 2015 16:15:13 UTC +00:00], ["hint", nil], ["klass_name", "Lead"], ["label", "Custom Fields"], ["name", "custom_fields"], ["position", nil], ["tag_id", nil], ["updated_at", Mon, 09 Mar 2015 16:15:13 UTC +00:00]]
  [1m[35mSQL (0.4ms)[0m  UPDATE "fields" SET "field_group_id" = 4 WHERE "fields"."field_group_id" IS NULL AND "fields"."klass_name" = 'Lead'
  [1m[36mSQL (0.4ms)[0m  [1mINSERT INTO "field_groups" ("created_at", "hint", "klass_name", "label", "name", "position", "tag_id", "updated_at") VALUES ($1, $2, $3, $4, $5, $6, $7, $8) RETURNING "id"[0m  [["created_at", Mon, 09 Mar 2015 16:15:13 UTC +00:00], ["hint", nil], ["klass_name", "Opportunity"], ["label", "Custom Fields"], ["name", "custom_fields"], ["position", nil], ["tag_id", nil], ["updated_at", Mon, 09 Mar 2015 16:15:13 UTC +00:00]]
  [1m[35mSQL (0.3ms)[0m  UPDATE "fields" SET "field_group_id" = 5 WHERE "fields"."field_group_id" IS NULL AND "fields"."klass_name" = 'Opportunity'
  [1m[36mSQL (0.8ms)[0m  [1mUPDATE "field_groups" SET klass_name = (SELECT MAX(klass_name) FROM fields WHERE field_group_id = field_groups.id) WHERE "field_groups"."klass_name" IS NULL[0m
  [1m[35m (0.5ms)[0m  ALTER TABLE "fields" DROP "klass_name"
  [1m[36m (0.2ms)[0m  [1mINSERT INTO "schema_migrations" ("version") VALUES ('20111201030535')[0m
  [1m[35m (0.9ms)[0m  COMMIT
Migrating to CreateLists (20120121054235)
  [1m[36m (0.2ms)[0m  [1mBEGIN[0m
  [1m[35m (4.8ms)[0m  CREATE TABLE "lists" ("id" serial primary key, "name" character varying(255), "url" text, "created_at" timestamp NOT NULL, "updated_at" timestamp NOT NULL) 
  [1m[36m (0.3ms)[0m  [1mINSERT INTO "schema_migrations" ("version") VALUES ('20120121054235')[0m
  [1m[35m (0.9ms)[0m  COMMIT
Migrating to CreateVersions (20120216031616)
  [1m[36m (0.2ms)[0m  [1mBEGIN[0m
  [1m[35m (4.6ms)[0m  CREATE TABLE "versions" ("id" serial primary key, "item_type" character varying(255) NOT NULL, "item_id" integer NOT NULL, "event" character varying(255) NOT NULL, "whodunnit" character varying(255), "object" text, "created_at" timestamp) 
  [1m[36m (1.7ms)[0m  [1mCREATE INDEX "index_versions_on_item_type_and_item_id" ON "versions" ("item_type", "item_id")[0m
  [1m[35m (0.4ms)[0m  INSERT INTO "schema_migrations" ("version") VALUES ('20120216031616')
  [1m[36m (1.0ms)[0m  [1mCOMMIT[0m
Migrating to IsParanoidToPaperTrail (20120216042541)
  [1m[35m (0.2ms)[0m  BEGIN
  [1m[36mAccount Load (0.9ms)[0m  [1mSELECT "accounts".* FROM "accounts" WHERE (deleted_at IS NOT NULL)[0m
  [1m[35mCampaign Load (1.0ms)[0m  SELECT "campaigns".* FROM "campaigns" WHERE (deleted_at IS NOT NULL)
  [1m[36mContact Load (1.0ms)[0m  [1mSELECT "contacts".* FROM "contacts" WHERE (deleted_at IS NOT NULL)[0m
  [1m[35mLead Load (0.5ms)[0m  SELECT "leads".* FROM "leads" WHERE (deleted_at IS NOT NULL)
  [1m[36mOpportunity Load (1.1ms)[0m  [1mSELECT "opportunities".* FROM "opportunities" WHERE (deleted_at IS NOT NULL)[0m
  [1m[35mTask Load (0.6ms)[0m  SELECT "tasks".* FROM "tasks" WHERE (deleted_at IS NOT NULL)
  [1m[36m (0.3ms)[0m  [1mINSERT INTO "schema_migrations" ("version") VALUES ('20120216042541')[0m
  [1m[35m (0.6ms)[0m  COMMIT
Migrating to AddVersionsObjectChanges (20120220233724)
  [1m[36m (0.2ms)[0m  [1mBEGIN[0m
  [1m[35m (0.5ms)[0m  ALTER TABLE "versions" ADD COLUMN "object_changes" text
  [1m[36m (0.2ms)[0m  [1mINSERT INTO "schema_migrations" ("version") VALUES ('20120220233724')[0m
  [1m[35m (0.5ms)[0m  COMMIT
Migrating to RemoveDefaultValueAndClearSettings (20120224073107)
  [1m[36m (0.2ms)[0m  [1mBEGIN[0m
  [1m[35m (0.4ms)[0m  ALTER TABLE "settings" DROP "default_value"
  [1m[36m (4.1ms)[0m  [1mTRUNCATE settings[0m
  [1m[35m (0.2ms)[0m  INSERT INTO "schema_migrations" ("version") VALUES ('20120224073107')
  [1m[36m (1.5ms)[0m  [1mCOMMIT[0m
Migrating to AddVersionsRelated (20120309070209)
  [1m[35m (0.2ms)[0m  BEGIN
  [1m[36m (1.4ms)[0m  [1mALTER TABLE "versions" ADD COLUMN "related_id" integer[0m
  [1m[35m (0.6ms)[0m  ALTER TABLE "versions" ADD COLUMN "related_type" character varying(255)
  [1m[36m (0.3ms)[0m  [1mINSERT INTO "schema_migrations" ("version") VALUES ('20120309070209')[0m
  [1m[35m (0.5ms)[0m  COMMIT
Migrating to AddSubscribedUsersToEntities (20120314080441)
  [1m[36m (0.1ms)[0m  [1mBEGIN[0m
  [1m[35m (0.7ms)[0m  ALTER TABLE "accounts" ADD COLUMN "subscribed_users" text
  [1m[36m (0.4ms)[0m  [1mALTER TABLE "campaigns" ADD COLUMN "subscribed_users" text[0m
  [1m[35m (0.3ms)[0m  ALTER TABLE "contacts" ADD COLUMN "subscribed_users" text
  [1m[36m (0.3ms)[0m  [1mALTER TABLE "leads" ADD COLUMN "subscribed_users" text[0m
  [1m[35m (2.2ms)[0m  ALTER TABLE "opportunities" ADD COLUMN "subscribed_users" text
  [1m[36m (0.3ms)[0m  [1mALTER TABLE "tasks" ADD COLUMN "subscribed_users" text[0m
  [1m[35mComment Load (0.7ms)[0m  SELECT "comments".* FROM "comments" 
  [1m[36m (0.3ms)[0m  [1mINSERT INTO "schema_migrations" ("version") VALUES ('20120314080441')[0m
  [1m[35m (1.0ms)[0m  COMMIT
Migrating to ActivitiesToVersions (20120316045804)
  [1m[36m (0.5ms)[0m  [1mBEGIN[0m
  [1m[35m (0.7ms)[0m  SELECT * FROM activities
  [1m[36m (0.2ms)[0m  [1mINSERT INTO "schema_migrations" ("version") VALUES ('20120316045804')[0m
  [1m[35m (0.6ms)[0m  COMMIT
Migrating to ChangeSubscribedUsersToSet (20120405080727)
  [1m[36m (0.2ms)[0m  [1mBEGIN[0m
  [1m[35m (0.7ms)[0m  
 SELECT id, subscribed_users
 FROM contacts
 WHERE subscribed_users IS NOT NULL
 
  [1m[36m (0.2ms)[0m  [1mINSERT INTO "schema_migrations" ("version") VALUES ('20120405080727')[0m
  [1m[35m (0.6ms)[0m  COMMIT
Migrating to ChangeFurtherSubscribedUsersToSet (20120405080742)
  [1m[36m (0.1ms)[0m  [1mBEGIN[0m
  [1m[35m (0.4ms)[0m  
 SELECT id, subscribed_users
 FROM campaigns
 WHERE subscribed_users IS NOT NULL
 
  [1m[36m (0.3ms)[0m  [1m
 SELECT id, subscribed_users
 FROM opportunities
 WHERE subscribed_users IS NOT NULL
 [0m
  [1m[35m (0.3ms)[0m  
 SELECT id, subscribed_users
 FROM leads
 WHERE subscribed_users IS NOT NULL
 
  [1m[36m (0.3ms)[0m  [1m
 SELECT id, subscribed_users
 FROM tasks
 WHERE subscribed_users IS NOT NULL
 [0m
  [1m[35m (0.3ms)[0m  
 SELECT id, subscribed_users
 FROM accounts
 WHERE subscribed_users IS NOT NULL
 
  [1m[36m (0.2ms)[0m  [1mINSERT INTO "schema_migrations" ("version") VALUES ('20120405080742')[0m
  [1m[35m (0.5ms)[0m  COMMIT
Migrating to CreateGroups (20120406082136)
  [1m[36m (0.1ms)[0m  [1mBEGIN[0m
  [1m[35m (3.1ms)[0m  CREATE TABLE "groups" ("id" serial primary key, "name" character varying(255), "created_at" timestamp NOT NULL, "updated_at" timestamp NOT NULL) 
  [1m[36m (0.3ms)[0m  [1mALTER TABLE "permissions" ADD COLUMN "group_id" integer[0m
  [1m[35m (1.7ms)[0m  CREATE INDEX "index_permissions_on_group_id" ON "permissions" ("group_id")
  [1m[36m (1.0ms)[0m  [1mCREATE TABLE "groups_users" ("group_id" integer, "user_id" integer) [0m
  [1m[35m (2.1ms)[0m  CREATE INDEX "index_groups_users_on_group_id" ON "groups_users" ("group_id")
  [1m[36m (2.0ms)[0m  [1mCREATE INDEX "index_groups_users_on_user_id" ON "groups_users" ("user_id")[0m
  [1m[35m (1.9ms)[0m  CREATE INDEX "index_groups_users_on_group_id_and_user_id" ON "groups_users" ("group_id", "user_id")
  [1m[36m (0.2ms)[0m  [1mINSERT INTO "schema_migrations" ("version") VALUES ('20120406082136')[0m
  [1m[35m (0.9ms)[0m  COMMIT
Migrating to AddIndexOnVersionsItemType (20120413034923)
  [1m[36m (0.2ms)[0m  [1mBEGIN[0m
  [1m[35m (1.8ms)[0m  CREATE INDEX "index_versions_on_whodunnit" ON "versions" ("whodunnit")
  [1m[36m (0.2ms)[0m  [1mINSERT INTO "schema_migrations" ("version") VALUES ('20120413034923')[0m
  [1m[35m (0.5ms)[0m  COMMIT
Migrating to AddNotNullConstraintsForTimestampColumns (20120510025219)
  [1m[36m (0.1ms)[0m  [1mBEGIN[0m
  [1m[35m (0.3ms)[0m  INSERT INTO "schema_migrations" ("version") VALUES ('20120510025219')
  [1m[36m (0.8ms)[0m  [1mCOMMIT[0m
Migrating to IncreaseLengthOfVersionEvents (20120528102124)
  [1m[35m (0.3ms)[0m  BEGIN
  [1m[36m (8.1ms)[0m  [1mALTER TABLE "versions" ALTER COLUMN "event" TYPE character varying(512)[0m
  [1m[35m (0.3ms)[0m  INSERT INTO "schema_migrations" ("version") VALUES ('20120528102124')
  [1m[36m (2.0ms)[0m  [1mCOMMIT[0m
Migrating to AddPairIdToFields (20120801032706)
  [1m[35m (0.2ms)[0m  BEGIN
  [1m[36m (0.5ms)[0m  [1mALTER TABLE "fields" ADD COLUMN "pair_id" integer[0m
  [1m[35m (0.4ms)[0m  INSERT INTO "schema_migrations" ("version") VALUES ('20120801032706')
  [1m[36m (0.5ms)[0m  [1mCOMMIT[0m
Migrating to AddSettingsToCustomFields (20121003063155)
  [1m[35m (0.2ms)[0m  BEGIN
  [1m[36m (0.5ms)[0m  [1mALTER TABLE "fields" ADD COLUMN "settings" text DEFAULT NULL[0m
  [1m[35m (0.2ms)[0m  INSERT INTO "schema_migrations" ("version") VALUES ('20121003063155')
  [1m[36m (0.4ms)[0m  [1mCOMMIT[0m
Migrating to FixCountryMapping (20121221033947)
  [1m[35m (0.2ms)[0m  BEGIN
  [1m[36mSetting Load (0.5ms)[0m  [1mSELECT "settings".* FROM "settings" WHERE "settings"."name" = 'have_run_country_migration' LIMIT 1[0m
  [1m[35m (0.2ms)[0m  INSERT INTO "schema_migrations" ("version") VALUES ('20121221033947')
  [1m[36m (1.1ms)[0m  [1mCOMMIT[0m
Migrating to AddUserIdToLists (20131207033244)
  [1m[35m (0.3ms)[0m  BEGIN
  [1m[36m (0.9ms)[0m  [1mALTER TABLE "lists" ADD COLUMN "user_id" integer DEFAULT NULL[0m
  [1m[35m (2.0ms)[0m  CREATE INDEX "index_lists_on_user_id" ON "lists" ("user_id")
  [1m[36m (0.2ms)[0m  [1mINSERT INTO "schema_migrations" ("version") VALUES ('20131207033244')[0m
  [1m[35m (0.6ms)[0m  COMMIT
  [1m[36m (0.3ms)[0m  [1mSELECT "schema_migrations"."version" FROM "schema_migrations" [0m
Connecting to database specified by database.yml
  [1m[36mFieldGroup Load (1.0ms)[0m  [1mSELECT "field_groups".* FROM "field_groups" WHERE "field_groups"."klass_name" = 'Lead' ORDER BY position[0m
  [1m[35mField Load (0.6ms)[0m  SELECT "fields".* FROM "fields" WHERE "fields"."field_group_id" = 4 ORDER BY position
  [1m[36mFieldGroup Load (0.4ms)[0m  [1mSELECT "field_groups".* FROM "field_groups" WHERE "field_groups"."klass_name" = 'Opportunity' ORDER BY position[0m
  [1m[35mField Load (0.5ms)[0m  SELECT "fields".* FROM "fields" WHERE "fields"."field_group_id" = 5 ORDER BY position
  [1m[36mFieldGroup Load (0.3ms)[0m  [1mSELECT "field_groups".* FROM "field_groups" WHERE "field_groups"."klass_name" = 'Task' ORDER BY position[0m
  [1m[35mFieldGroup Load (0.4ms)[0m  SELECT "field_groups".* FROM "field_groups" WHERE "field_groups"."klass_name" = 'Account' ORDER BY position
  [1m[36mField Load (0.5ms)[0m  [1mSELECT "fields".* FROM "fields" WHERE "fields"."field_group_id" = 1 ORDER BY position[0m
  [1m[35mFieldGroup Load (0.4ms)[0m  SELECT "field_groups".* FROM "field_groups" WHERE "field_groups"."klass_name" = 'Contact' ORDER BY position
  [1m[36mField Load (0.3ms)[0m  [1mSELECT "fields".* FROM "fields" WHERE "fields"."field_group_id" = 3 ORDER BY position[0m
  [1m[35mCustomField Load (0.7ms)[0m  SELECT "fields".* FROM "fields" WHERE "fields"."type" IN ('CustomField') ORDER BY "fields"."id" ASC LIMIT 1000
  [1m[36m (0.4ms)[0m  [1mSELECT "schema_migrations"."version" FROM "schema_migrations" [0m
  [1m[35m (125.5ms)[0m  DROP DATABASE IF EXISTS "fat_free_crm_test"
  [1m[36m (283.0ms)[0m  [1mCREATE DATABASE "fat_free_crm_test" ENCODING = 'utf8'[0m
  [1m[35m (8.3ms)[0m  CREATE TABLE "account_contacts" ("id" serial primary key, "account_id" integer, "contact_id" integer, "deleted_at" timestamp, "created_at" timestamp NOT NULL, "updated_at" timestamp NOT NULL) 
  [1m[36m (3.3ms)[0m  [1mCREATE TABLE "account_opportunities" ("id" serial primary key, "account_id" integer, "opportunity_id" integer, "deleted_at" timestamp, "created_at" timestamp NOT NULL, "updated_at" timestamp NOT NULL) [0m
  [1m[35m (5.8ms)[0m  CREATE TABLE "accounts" ("id" serial primary key, "user_id" integer, "assigned_to" integer, "name" character varying(64) DEFAULT '' NOT NULL, "access" character varying(8) DEFAULT 'Public', "website" character varying(64), "toll_free_phone" character varying(32), "phone" character varying(32), "fax" character varying(32), "deleted_at" timestamp, "created_at" timestamp NOT NULL, "updated_at" timestamp NOT NULL, "email" character varying(64), "background_info" character varying(255), "rating" integer DEFAULT 0 NOT NULL, "category" character varying(32), "subscribed_users" text) 
  [1m[36m (1.8ms)[0m  [1mCREATE INDEX "index_accounts_on_assigned_to" ON "accounts" ("assigned_to")[0m
  [1m[35m (2.2ms)[0m  CREATE UNIQUE INDEX "index_accounts_on_user_id_and_name_and_deleted_at" ON "accounts" ("user_id", "name", "deleted_at")
  [1m[36m (5.3ms)[0m  [1mCREATE TABLE "activities" ("id" serial primary key, "user_id" integer, "subject_id" integer, "subject_type" character varying(255), "action" character varying(32) DEFAULT 'created', "info" character varying(255) DEFAULT '', "private" boolean DEFAULT 'f', "created_at" timestamp NOT NULL, "updated_at" timestamp NOT NULL) [0m
  [1m[35m (2.1ms)[0m  CREATE INDEX "index_activities_on_created_at" ON "activities" ("created_at")
  [1m[36m (1.7ms)[0m  [1mCREATE INDEX "index_activities_on_user_id" ON "activities" ("user_id")[0m
  [1m[35m (4.9ms)[0m  CREATE TABLE "addresses" ("id" serial primary key, "street1" character varying(255), "street2" character varying(255), "city" character varying(64), "state" character varying(64), "zipcode" character varying(16), "country" character varying(64), "full_address" character varying(255), "address_type" character varying(16), "addressable_id" integer, "addressable_type" character varying(255), "created_at" timestamp NOT NULL, "updated_at" timestamp NOT NULL, "deleted_at" timestamp) 
  [1m[36m (2.1ms)[0m  [1mCREATE INDEX "index_addresses_on_addressable_id_and_addressable_type" ON "addresses" ("addressable_id", "addressable_type")[0m
  [1m[35m (4.4ms)[0m  CREATE TABLE "avatars" ("id" serial primary key, "user_id" integer, "entity_id" integer, "entity_type" character varying(255), "image_file_size" integer, "image_file_name" character varying(255), "image_content_type" character varying(255), "created_at" timestamp NOT NULL, "updated_at" timestamp NOT NULL) 
  [1m[36m (7.3ms)[0m  [1mCREATE TABLE "campaigns" ("id" serial primary key, "user_id" integer, "assigned_to" integer, "name" character varying(64) DEFAULT '' NOT NULL, "access" character varying(8) DEFAULT 'Public', "status" character varying(64), "budget" decimal(12,2), "target_leads" integer, "target_conversion" float, "target_revenue" decimal(12,2), "leads_count" integer, "opportunities_count" integer, "revenue" decimal(12,2), "starts_on" date, "ends_on" date, "objectives" text, "deleted_at" timestamp, "created_at" timestamp NOT NULL, "updated_at" timestamp NOT NULL, "background_info" character varying(255), "subscribed_users" text) [0m
  [1m[35m (2.1ms)[0m  CREATE INDEX "index_campaigns_on_assigned_to" ON "campaigns" ("assigned_to")
  [1m[36m (2.2ms)[0m  [1mCREATE UNIQUE INDEX "index_campaigns_on_user_id_and_name_and_deleted_at" ON "campaigns" ("user_id", "name", "deleted_at")[0m
  [1m[35m (5.6ms)[0m  CREATE TABLE "comments" ("id" serial primary key, "user_id" integer, "commentable_id" integer, "commentable_type" character varying(255), "private" boolean, "title" character varying(255) DEFAULT '', "comment" text, "created_at" timestamp NOT NULL, "updated_at" timestamp NOT NULL, "state" character varying(16) DEFAULT 'Expanded' NOT NULL) 
  [1m[36m (3.3ms)[0m  [1mCREATE TABLE "contact_opportunities" ("id" serial primary key, "contact_id" integer, "opportunity_id" integer, "role" character varying(32), "deleted_at" timestamp, "created_at" timestamp NOT NULL, "updated_at" timestamp NOT NULL) [0m
  [1m[35m (6.0ms)[0m  CREATE TABLE "contacts" ("id" serial primary key, "user_id" integer, "lead_id" integer, "assigned_to" integer, "reports_to" integer, "first_name" character varying(64) DEFAULT '' NOT NULL, "last_name" character varying(64) DEFAULT '' NOT NULL, "access" character varying(8) DEFAULT 'Public', "title" character varying(64), "department" character varying(64), "source" character varying(32), "email" character varying(64), "alt_email" character varying(64), "phone" character varying(32), "mobile" character varying(32), "fax" character varying(32), "blog" character varying(128), "linkedin" character varying(128), "facebook" character varying(128), "twitter" character varying(128), "born_on" date, "do_not_call" boolean DEFAULT 'f' NOT NULL, "deleted_at" timestamp, "created_at" timestamp NOT NULL, "updated_at" timestamp NOT NULL, "background_info" character varying(255), "skype" character varying(128), "subscribed_users" text) 
  [1m[36m (1.5ms)[0m  [1mCREATE INDEX "index_contacts_on_assigned_to" ON "contacts" ("assigned_to")[0m
  [1m[35m (2.5ms)[0m  CREATE UNIQUE INDEX "id_last_name_deleted" ON "contacts" ("user_id", "last_name", "deleted_at")
  [1m[36m (4.8ms)[0m  [1mCREATE TABLE "emails" ("id" serial primary key, "imap_message_id" character varying(255) NOT NULL, "user_id" integer, "mediator_id" integer, "mediator_type" character varying(255), "sent_from" character varying(255) NOT NULL, "sent_to" character varying(255) NOT NULL, "cc" character varying(255), "bcc" character varying(255), "subject" character varying(255), "body" text, "header" text, "sent_at" timestamp, "received_at" timestamp, "deleted_at" timestamp, "created_at" timestamp NOT NULL, "updated_at" timestamp NOT NULL, "state" character varying(16) DEFAULT 'Expanded' NOT NULL) [0m
  [1m[35m (1.7ms)[0m  CREATE INDEX "index_emails_on_mediator_id_and_mediator_type" ON "emails" ("mediator_id", "mediator_type")
  [1m[36m (3.0ms)[0m  [1mCREATE TABLE "field_groups" ("id" serial primary key, "name" character varying(64), "label" character varying(128), "position" integer, "hint" character varying(255), "created_at" timestamp NOT NULL, "updated_at" timestamp NOT NULL, "tag_id" integer, "klass_name" character varying(32)) [0m
  [1m[35m (4.8ms)[0m  CREATE TABLE "fields" ("id" serial primary key, "type" character varying(255), "field_group_id" integer, "position" integer, "name" character varying(64), "label" character varying(128), "hint" character varying(255), "placeholder" character varying(255), "as" character varying(32), "collection" text, "disabled" boolean, "required" boolean, "maxlength" integer, "created_at" timestamp NOT NULL, "updated_at" timestamp NOT NULL, "pair_id" integer, "settings" text) 
  [1m[36m (1.9ms)[0m  [1mCREATE INDEX "index_fields_on_field_group_id" ON "fields" ("field_group_id")[0m
  [1m[35m (1.9ms)[0m  CREATE INDEX "index_fields_on_name" ON "fields" ("name")
  [1m[36m (3.2ms)[0m  [1mCREATE TABLE "groups" ("id" serial primary key, "name" character varying(255), "created_at" timestamp NOT NULL, "updated_at" timestamp NOT NULL) [0m
  [1m[35m (0.9ms)[0m  CREATE TABLE "groups_users" ("group_id" integer, "user_id" integer) 
  [1m[36m (1.7ms)[0m  [1mCREATE INDEX "index_groups_users_on_group_id_and_user_id" ON "groups_users" ("group_id", "user_id")[0m
  [1m[35m (2.0ms)[0m  CREATE INDEX "index_groups_users_on_group_id" ON "groups_users" ("group_id")
  [1m[36m (1.9ms)[0m  [1mCREATE INDEX "index_groups_users_on_user_id" ON "groups_users" ("user_id")[0m
  [1m[35m (5.3ms)[0m  CREATE TABLE "leads" ("id" serial primary key, "user_id" integer, "campaign_id" integer, "assigned_to" integer, "first_name" character varying(64) DEFAULT '' NOT NULL, "last_name" character varying(64) DEFAULT '' NOT NULL, "access" character varying(8) DEFAULT 'Public', "title" character varying(64), "company" character varying(64), "source" character varying(32), "status" character varying(32), "referred_by" character varying(64), "email" character varying(64), "alt_email" character varying(64), "phone" character varying(32), "mobile" character varying(32), "blog" character varying(128), "linkedin" character varying(128), "facebook" character varying(128), "twitter" character varying(128), "rating" integer DEFAULT 0 NOT NULL, "do_not_call" boolean DEFAULT 'f' NOT NULL, "deleted_at" timestamp, "created_at" timestamp NOT NULL, "updated_at" timestamp NOT NULL, "background_info" character varying(255), "skype" character varying(128), "subscribed_users" text) 
  [1m[36m (1.7ms)[0m  [1mCREATE INDEX "index_leads_on_assigned_to" ON "leads" ("assigned_to")[0m
  [1m[35m (2.0ms)[0m  CREATE UNIQUE INDEX "index_leads_on_user_id_and_last_name_and_deleted_at" ON "leads" ("user_id", "last_name", "deleted_at")
  [1m[36m (4.4ms)[0m  [1mCREATE TABLE "lists" ("id" serial primary key, "name" character varying(255), "url" text, "created_at" timestamp NOT NULL, "updated_at" timestamp NOT NULL, "user_id" integer) [0m
  [1m[35m (1.8ms)[0m  CREATE INDEX "index_lists_on_user_id" ON "lists" ("user_id")
  [1m[36m (4.9ms)[0m  [1mCREATE TABLE "opportunities" ("id" serial primary key, "user_id" integer, "campaign_id" integer, "assigned_to" integer, "name" character varying(64) DEFAULT '' NOT NULL, "access" character varying(8) DEFAULT 'Public', "source" character varying(32), "stage" character varying(32), "probability" integer, "amount" decimal(12,2), "discount" decimal(12,2), "closes_on" date, "deleted_at" timestamp, "created_at" timestamp NOT NULL, "updated_at" timestamp NOT NULL, "background_info" character varying(255), "subscribed_users" text) [0m
  [1m[35m (1.8ms)[0m  CREATE INDEX "index_opportunities_on_assigned_to" ON "opportunities" ("assigned_to")
  [1m[36m (2.0ms)[0m  [1mCREATE UNIQUE INDEX "id_name_deleted" ON "opportunities" ("user_id", "name", "deleted_at")[0m
  [1m[35m (3.0ms)[0m  CREATE TABLE "permissions" ("id" serial primary key, "user_id" integer, "asset_id" integer, "asset_type" character varying(255), "created_at" timestamp NOT NULL, "updated_at" timestamp NOT NULL, "group_id" integer) 
  [1m[36m (1.7ms)[0m  [1mCREATE INDEX "index_permissions_on_asset_id_and_asset_type" ON "permissions" ("asset_id", "asset_type")[0m
  [1m[35m (1.6ms)[0m  CREATE INDEX "index_permissions_on_group_id" ON "permissions" ("group_id")
  [1m[36m (1.9ms)[0m  [1mCREATE INDEX "index_permissions_on_user_id" ON "permissions" ("user_id")[0m
  [1m[35m (4.3ms)[0m  CREATE TABLE "preferences" ("id" serial primary key, "user_id" integer, "name" character varying(32) DEFAULT '' NOT NULL, "value" text, "created_at" timestamp NOT NULL, "updated_at" timestamp NOT NULL) 
  [1m[36m (1.9ms)[0m  [1mCREATE INDEX "index_preferences_on_user_id_and_name" ON "preferences" ("user_id", "name")[0m
  [1m[35m (4.2ms)[0m  CREATE TABLE "sessions" ("id" serial primary key, "session_id" character varying(255) NOT NULL, "data" text, "created_at" timestamp NOT NULL, "updated_at" timestamp NOT NULL) 
  [1m[36m (1.9ms)[0m  [1mCREATE INDEX "index_sessions_on_session_id" ON "sessions" ("session_id")[0m
  [1m[35m (1.8ms)[0m  CREATE INDEX "index_sessions_on_updated_at" ON "sessions" ("updated_at")
  [1m[36m (4.7ms)[0m  [1mCREATE TABLE "settings" ("id" serial primary key, "name" character varying(32) DEFAULT '' NOT NULL, "value" text, "created_at" timestamp NOT NULL, "updated_at" timestamp NOT NULL) [0m
  [1m[35m (1.8ms)[0m  CREATE INDEX "index_settings_on_name" ON "settings" ("name")
  [1m[36m (3.2ms)[0m  [1mCREATE TABLE "taggings" ("id" serial primary key, "tag_id" integer, "taggable_id" integer, "tagger_id" integer, "tagger_type" character varying(255), "taggable_type" character varying(50), "context" character varying(50), "created_at" timestamp) [0m
  [1m[35m (1.8ms)[0m  CREATE INDEX "index_taggings_on_tag_id" ON "taggings" ("tag_id")
  [1m[36m (2.0ms)[0m  [1mCREATE INDEX "index_taggings_on_taggable_id_and_taggable_type_and_context" ON "taggings" ("taggable_id", "taggable_type", "context")[0m
  [1m[35m (2.8ms)[0m  CREATE TABLE "tags" ("id" serial primary key, "name" character varying(255)) 
  [1m[36m (4.6ms)[0m  [1mCREATE TABLE "tasks" ("id" serial primary key, "user_id" integer, "assigned_to" integer, "completed_by" integer, "name" character varying(255) DEFAULT '' NOT NULL, "asset_id" integer, "asset_type" character varying(255), "priority" character varying(32), "category" character varying(32), "bucket" character varying(32), "due_at" timestamp, "completed_at" timestamp, "deleted_at" timestamp, "created_at" timestamp NOT NULL, "updated_at" timestamp NOT NULL, "background_info" character varying(255), "subscribed_users" text) [0m
  [1m[35m (1.6ms)[0m  CREATE INDEX "index_tasks_on_assigned_to" ON "tasks" ("assigned_to")
  [1m[36m (1.6ms)[0m  [1mCREATE UNIQUE INDEX "index_tasks_on_user_id_and_name_and_deleted_at" ON "tasks" ("user_id", "name", "deleted_at")[0m
  [1m[35m (5.7ms)[0m  CREATE TABLE "users" ("id" serial primary key, "username" character varying(32) DEFAULT '' NOT NULL, "email" character varying(64) DEFAULT '' NOT NULL, "first_name" character varying(32), "last_name" character varying(32), "title" character varying(64), "company" character varying(64), "alt_email" character varying(64), "phone" character varying(32), "mobile" character varying(32), "aim" character varying(32), "yahoo" character varying(32), "google" character varying(32), "skype" character varying(32), "password_hash" character varying(255) DEFAULT '' NOT NULL, "password_salt" character varying(255) DEFAULT '' NOT NULL, "persistence_token" character varying(255) DEFAULT '' NOT NULL, "perishable_token" character varying(255) DEFAULT '' NOT NULL, "last_request_at" timestamp, "last_login_at" timestamp, "current_login_at" timestamp, "last_login_ip" character varying(255), "current_login_ip" character varying(255), "login_count" integer DEFAULT 0 NOT NULL, "deleted_at" timestamp, "created_at" timestamp NOT NULL, "updated_at" timestamp NOT NULL, "admin" boolean DEFAULT 'f' NOT NULL, "suspended_at" timestamp, "single_access_token" character varying(255)) 
  [1m[36m (1.8ms)[0m  [1mCREATE INDEX "index_users_on_email" ON "users" ("email")[0m
  [1m[35m (1.6ms)[0m  CREATE INDEX "index_users_on_last_request_at" ON "users" ("last_request_at")
  [1m[36m (1.8ms)[0m  [1mCREATE INDEX "index_users_on_perishable_token" ON "users" ("perishable_token")[0m
  [1m[35m (1.8ms)[0m  CREATE INDEX "index_users_on_remember_token" ON "users" ("persistence_token")
  [1m[36m (2.4ms)[0m  [1mCREATE UNIQUE INDEX "index_users_on_username_and_deleted_at" ON "users" ("username", "deleted_at")[0m
  [1m[35m (5.5ms)[0m  CREATE TABLE "versions" ("id" serial primary key, "item_type" character varying(255) NOT NULL, "item_id" integer NOT NULL, "event" character varying(512) NOT NULL, "whodunnit" character varying(255), "object" text, "created_at" timestamp, "object_changes" text, "related_id" integer, "related_type" character varying(255)) 
  [1m[36m (1.7ms)[0m  [1mCREATE INDEX "index_versions_on_item_type_and_item_id" ON "versions" ("item_type", "item_id")[0m
  [1m[35m (1.8ms)[0m  CREATE INDEX "index_versions_on_whodunnit" ON "versions" ("whodunnit")
  [1m[36m (1.2ms)[0m  [1mCREATE TABLE "schema_migrations" ("version" character varying(255) NOT NULL) [0m
  [1m[35m (1.6ms)[0m  CREATE UNIQUE INDEX "unique_schema_migrations" ON "schema_migrations" ("version")
  [1m[36m (0.5ms)[0m  [1mSELECT version FROM "schema_migrations"[0m
  [1m[35m (0.8ms)[0m  INSERT INTO "schema_migrations" (version) VALUES ('20131207033244')
  [1m[36m (0.5ms)[0m  [1mINSERT INTO "schema_migrations" (version) VALUES ('20111117041311')[0m
  [1m[35m (0.5ms)[0m  INSERT INTO "schema_migrations" (version) VALUES ('20101221123456')
  [1m[36m (0.4ms)[0m  [1mINSERT INTO "schema_migrations" (version) VALUES ('20111201030535')[0m
  [1m[35m (0.5ms)[0m  INSERT INTO "schema_migrations" (version) VALUES ('20100928030626')
  [1m[36m (0.4ms)[0m  [1mINSERT INTO "schema_migrations" (version) VALUES ('20120406082136')[0m
  [1m[35m (0.5ms)[0m  INSERT INTO "schema_migrations" (version) VALUES ('20120216031616')
  [1m[36m (0.4ms)[0m  [1mINSERT INTO "schema_migrations" (version) VALUES ('20120121054235')[0m
  [1m[35m (0.5ms)[0m  INSERT INTO "schema_migrations" (version) VALUES ('20100928030617')
  [1m[36m (0.4ms)[0m  [1mINSERT INTO "schema_migrations" (version) VALUES ('20121221033947')[0m
  [1m[35m (0.4ms)[0m  INSERT INTO "schema_migrations" (version) VALUES ('20100928030612')
  [1m[36m (0.4ms)[0m  [1mINSERT INTO "schema_migrations" (version) VALUES ('20100928030613')[0m
  [1m[35m (0.4ms)[0m  INSERT INTO "schema_migrations" (version) VALUES ('20100928030606')
  [1m[36m (0.5ms)[0m  [1mINSERT INTO "schema_migrations" (version) VALUES ('20120309070209')[0m
  [1m[35m (0.4ms)[0m  INSERT INTO "schema_migrations" (version) VALUES ('20120224073107')
  [1m[36m (0.4ms)[0m  [1mINSERT INTO "schema_migrations" (version) VALUES ('20100928030600')[0m
  [1m[35m (0.4ms)[0m  INSERT INTO "schema_migrations" (version) VALUES ('20100928030622')
  [1m[36m (0.4ms)[0m  [1mINSERT INTO "schema_migrations" (version) VALUES ('20101221345678')[0m
  [1m[35m (0.4ms)[0m  INSERT INTO "schema_migrations" (version) VALUES ('20100928030619')
  [1m[36m (0.4ms)[0m  [1mINSERT INTO "schema_migrations" (version) VALUES ('20100928030618')[0m
  [1m[35m (0.4ms)[0m  INSERT INTO "schema_migrations" (version) VALUES ('20111116091952')
  [1m[36m (0.4ms)[0m  [1mINSERT INTO "schema_migrations" (version) VALUES ('20100928030609')[0m
  [1m[35m (0.4ms)[0m  INSERT INTO "schema_migrations" (version) VALUES ('20120405080742')
  [1m[36m (0.4ms)[0m  [1mINSERT INTO "schema_migrations" (version) VALUES ('20100928030615')[0m
  [1m[35m (0.4ms)[0m  INSERT INTO "schema_migrations" (version) VALUES ('20111101090312')
  [1m[36m (0.4ms)[0m  [1mINSERT INTO "schema_migrations" (version) VALUES ('20100928030605')[0m
  [1m[35m (0.4ms)[0m  INSERT INTO "schema_migrations" (version) VALUES ('20120528102124')
  [1m[36m (0.4ms)[0m  [1mINSERT INTO "schema_migrations" (version) VALUES ('20120216042541')[0m
  [1m[35m (0.4ms)[0m  INSERT INTO "schema_migrations" (version) VALUES ('20100928030604')
  [1m[36m (0.4ms)[0m  [1mINSERT INTO "schema_migrations" (version) VALUES ('20111101083437')[0m
  [1m[35m (0.4ms)[0m  INSERT INTO "schema_migrations" (version) VALUES ('20120405080727')
  [1m[36m (0.4ms)[0m  [1mINSERT INTO "schema_migrations" (version) VALUES ('20100928030599')[0m
  [1m[35m (0.4ms)[0m  INSERT INTO "schema_migrations" (version) VALUES ('20100928030614')
  [1m[36m (0.4ms)[0m  [1mINSERT INTO "schema_migrations" (version) VALUES ('20121003063155')[0m
  [1m[35m (0.4ms)[0m  INSERT INTO "schema_migrations" (version) VALUES ('20100928030616')
  [1m[36m (0.4ms)[0m  [1mINSERT INTO "schema_migrations" (version) VALUES ('20100928030603')[0m
  [1m[35m (0.4ms)[0m  INSERT INTO "schema_migrations" (version) VALUES ('20100928030621')
  [1m[36m (0.4ms)[0m  [1mINSERT INTO "schema_migrations" (version) VALUES ('20100928030623')[0m
  [1m[35m (0.4ms)[0m  INSERT INTO "schema_migrations" (version) VALUES ('20100928030602')
  [1m[36m (0.4ms)[0m  [1mINSERT INTO "schema_migrations" (version) VALUES ('20100928030598')[0m
  [1m[35m (0.4ms)[0m  INSERT INTO "schema_migrations" (version) VALUES ('20100928030608')
  [1m[36m (0.4ms)[0m  [1mINSERT INTO "schema_migrations" (version) VALUES ('20100928030624')[0m
  [1m[35m (0.4ms)[0m  INSERT INTO "schema_migrations" (version) VALUES ('20100928030610')
  [1m[36m (0.4ms)[0m  [1mINSERT INTO "schema_migrations" (version) VALUES ('20110719082054')[0m
  [1m[35m (0.4ms)[0m  INSERT INTO "schema_migrations" (version) VALUES ('20100928030607')
  [1m[36m (0.4ms)[0m  [1mINSERT INTO "schema_migrations" (version) VALUES ('20100928030611')[0m
  [1m[35m (0.4ms)[0m  INSERT INTO "schema_migrations" (version) VALUES ('20100928030627')
  [1m[36m (0.5ms)[0m  [1mINSERT INTO "schema_migrations" (version) VALUES ('20120801032706')[0m
  [1m[35m (0.4ms)[0m  INSERT INTO "schema_migrations" (version) VALUES ('20120220233724')
  [1m[36m (0.4ms)[0m  [1mINSERT INTO "schema_migrations" (version) VALUES ('20100928030625')[0m
  [1m[35m (0.4ms)[0m  INSERT INTO "schema_migrations" (version) VALUES ('20100928030620')
  [1m[36m (0.4ms)[0m  [1mINSERT INTO "schema_migrations" (version) VALUES ('20120314080441')[0m
  [1m[35m (0.4ms)[0m  INSERT INTO "schema_migrations" (version) VALUES ('20120510025219')
  [1m[36m (0.4ms)[0m  [1mINSERT INTO "schema_migrations" (version) VALUES ('20120413034923')[0m
  [1m[35m (0.4ms)[0m  INSERT INTO "schema_migrations" (version) VALUES ('20100928030601')
  [1m[36m (0.4ms)[0m  [1mINSERT INTO "schema_migrations" (version) VALUES ('20120316045804')[0m
